#
# There is insufficient memory for the Java Runtime Environment to continue.
# Native memory allocation (malloc) failed to allocate 32744 bytes for ChunkPool::allocate
# Possible reasons:
#   The system is out of physical RAM or swap space
#   The process is running with CompressedOops enabled, and the Java Heap may be blocking the growth of the native heap
# Possible solutions:
#   Reduce memory load on the system
#   Increase physical memory or swap space
#   Check if swap backing store is full
#   Decrease Java heap size (-Xmx/-Xms)
#   Decrease number of Java threads
#   Decrease Java thread stack sizes (-Xss)
#   Set larger code cache with -XX:ReservedCodeCacheSize=
#   JVM is running with Unscaled Compressed Oops mode in which the Java heap is
#     placed in the first 4GB address space. The Java Heap base address is the
#     maximum limit for the native heap growth. Please use -XX:HeapBaseMinAddress
#     to set the Java Heap base and to place the Java Heap above 4GB virtual address.
# This output file may be truncated or incomplete.
#
#  Out of Memory Error (allocation.cpp:272), pid=1192, tid=0x0000000000001ab0
#
# JRE version: Java(TM) SE Runtime Environment (8.0_221-b11) (build 1.8.0_221-b11)
# Java VM: Java HotSpot(TM) 64-Bit Server VM (25.221-b11 mixed mode windows-amd64 compressed oops)
# Failed to write core dump. Minidumps are not enabled by default on client versions of Windows
#

---------------  T H R E A D  ---------------

Current thread (0x0000000017f0d800):  JavaThread "C2 CompilerThread1" daemon [_thread_in_native, id=6832, stack(0x00000000188f0000,0x00000000189f0000)]

Stack: [0x00000000188f0000,0x00000000189f0000]
[error occurred during error reporting (printing stack bounds), id 0xc0000005]

Native frames: (J=compiled Java code, j=interpreted, Vv=VM code, C=native code)


Current CompileTask:
C2: 117734 7139       4       org.eclipse.jdt.internal.compiler.parser.Parser::consumeToken (2140 bytes)


---------------  P R O C E S S  ---------------

Java Threads: ( => current thread )
  0x0000000019291000 JavaThread "ForkJoinPool.commonPool-worker-0" daemon [_thread_blocked, id=6728, stack(0x0000000021bf0000,0x0000000021cf0000)]
  0x0000000019290000 JavaThread "ForkJoinPool.commonPool-worker-3" daemon [_thread_blocked, id=2500, stack(0x0000000021af0000,0x0000000021bf0000)]
  0x000000001928d000 JavaThread "ForkJoinPool.commonPool-worker-2" daemon [_thread_blocked, id=824, stack(0x000000001e140000,0x000000001e240000)]
  0x000000001928c800 JavaThread "Worker-5" [_thread_blocked, id=4732, stack(0x00000000217f0000,0x00000000218f0000)]
  0x000000001928e800 JavaThread "Worker-4" [_thread_blocked, id=6328, stack(0x0000000020050000,0x0000000020150000)]
  0x0000000018116000 JavaThread "Worker-3" [_thread_blocked, id=6092, stack(0x000000001ff50000,0x0000000020050000)]
  0x000000001813b000 JavaThread "pool-1-thread-1" [_thread_in_native, id=3080, stack(0x000000001fe50000,0x000000001ff50000)]
  0x00000000198d0800 JavaThread "Worker-2: Validate documents" [_thread_in_vm, id=1348, stack(0x000000001e540000,0x000000001e640000)]
  0x0000000018d2a800 JavaThread "Bundle File Closer" daemon [_thread_blocked, id=3292, stack(0x000000001b8a0000,0x000000001b9a0000)]
  0x000000001900c000 JavaThread "Java indexing" daemon [_thread_blocked, id=6740, stack(0x000000001b7a0000,0x000000001b8a0000)]
  0x0000000019ab3000 JavaThread "Worker-1" [_thread_blocked, id=5524, stack(0x000000001b4a0000,0x000000001b5a0000)]
  0x0000000019343000 JavaThread "Worker-0" [_thread_blocked, id=7172, stack(0x000000001b3a0000,0x000000001b4a0000)]
  0x00000000193b7000 JavaThread "Worker-JM" [_thread_blocked, id=6168, stack(0x000000001afa0000,0x000000001b0a0000)]
  0x0000000019c6c000 JavaThread "Start Level: Equinox Container: 82a30e5d-0895-40c4-9097-a81638405726" daemon [_thread_blocked, id=2280, stack(0x000000001aaa0000,0x000000001aba0000)]
  0x0000000019024800 JavaThread "Framework Event Dispatcher: Equinox Container: 82a30e5d-0895-40c4-9097-a81638405726" daemon [_thread_blocked, id=5308, stack(0x000000001a9a0000,0x000000001aaa0000)]
  0x000000001935a800 JavaThread "Active Thread: Equinox Container: 82a30e5d-0895-40c4-9097-a81638405726" [_thread_blocked, id=4028, stack(0x000000001a8a0000,0x000000001a9a0000)]
  0x0000000017f87800 JavaThread "Service Thread" daemon [_thread_blocked, id=5960, stack(0x0000000018af0000,0x0000000018bf0000)]
  0x0000000017f19800 JavaThread "C1 CompilerThread2" daemon [_thread_in_native, id=3116, stack(0x00000000189f0000,0x0000000018af0000)]
=>0x0000000017f0d800 JavaThread "C2 CompilerThread1" daemon [_thread_in_native, id=6832, stack(0x00000000188f0000,0x00000000189f0000)]
  0x0000000017f0c800 JavaThread "C2 CompilerThread0" daemon [_thread_in_native, id=1412, stack(0x00000000187f0000,0x00000000188f0000)]
  0x0000000017f0b800 JavaThread "Attach Listener" daemon [_thread_blocked, id=4336, stack(0x00000000186f0000,0x00000000187f0000)]
  0x0000000017f07800 JavaThread "Signal Dispatcher" daemon [_thread_blocked, id=3452, stack(0x00000000185f0000,0x00000000186f0000)]
  0x0000000017f02800 JavaThread "Surrogate Locker Thread (Concurrent GC)" daemon [_thread_blocked, id=4696, stack(0x00000000184f0000,0x00000000185f0000)]
  0x0000000017e9b000 JavaThread "Finalizer" daemon [_thread_blocked, id=1148, stack(0x0000000018300000,0x0000000018400000)]
  0x0000000017e92800 JavaThread "Reference Handler" daemon [_thread_blocked, id=2000, stack(0x0000000018200000,0x0000000018300000)]
  0x00000000020be000 JavaThread "main" [_thread_blocked, id=7460, stack(0x0000000001f30000,0x0000000002030000)]

Other Threads:
  0x0000000017e8f000 VMThread [stack: 0x0000000017c20000,0x0000000017d20000] [id=6268]
  0x0000000017fa4000 WatcherThread [stack: 0x0000000018bf0000,0x0000000018cf0000] [id=5312]

VM state:not at safepoint (normal execution)

VM Mutex/Monitor currently owned by a thread: None

heap address: 0x00000000c0000000, size: 1024 MB, Compressed Oops mode: 32-bit
Narrow klass base: 0x0000000000000000, Narrow klass shift: 3
Compressed class space size: 1073741824 Address: 0x0000000100000000

Heap:
 garbage-first heap   total 323584K, used 150880K [0x00000000c0000000, 0x00000000c01009e0, 0x0000000100000000)
  region size 1024K, 51 young (52224K), 2 survivors (2048K)
 Metaspace       used 50226K, capacity 53240K, committed 53376K, reserved 1095680K
  class space    used 5322K, capacity 6240K, committed 6272K, reserved 1048576K

Heap Regions: (Y=young(eden), SU=young(survivor), HS=humongous(starts), HC=humongous(continues), CS=collection set, F=free, TS=gc time stamp, PTAMS=previous top-at-mark-start, NTAMS=next top-at-mark-start)
AC   0  O    TS     0 PTAMS 0x00000000c0100000 NTAMS 0x00000000c0100000 space 1024K, 100% used [0x00000000c0000000, 0x00000000c0100000)
AC   0  O    TS     0 PTAMS 0x00000000c0200000 NTAMS 0x00000000c0200000 space 1024K, 100% used [0x00000000c0100000, 0x00000000c0200000)
AC   0  O    TS     5 PTAMS 0x00000000c0200000 NTAMS 0x00000000c0200000 space 1024K, 100% used [0x00000000c0200000, 0x00000000c0300000)
AC   0  O    TS     0 PTAMS 0x00000000c0400000 NTAMS 0x00000000c0400000 space 1024K, 100% used [0x00000000c0300000, 0x00000000c0400000)
AC   0  O    TS     0 PTAMS 0x00000000c0500000 NTAMS 0x00000000c0500000 space 1024K, 100% used [0x00000000c0400000, 0x00000000c0500000)
AC   0  F    TS     0 PTAMS 0x00000000c0500000 NTAMS 0x00000000c0500000 space 1024K,   0% used [0x00000000c0500000, 0x00000000c0600000)
AC   0  O    TS     0 PTAMS 0x00000000c0700000 NTAMS 0x00000000c0700000 space 1024K, 100% used [0x00000000c0600000, 0x00000000c0700000)
AC   0  O    TS     0 PTAMS 0x00000000c0800000 NTAMS 0x00000000c0800000 space 1024K, 100% used [0x00000000c0700000, 0x00000000c0800000)
AC   0  O    TS     0 PTAMS 0x00000000c0900000 NTAMS 0x00000000c0900000 space 1024K, 100% used [0x00000000c0800000, 0x00000000c0900000)
AC   0  F    TS     0 PTAMS 0x00000000c0900000 NTAMS 0x00000000c0900000 space 1024K,   0% used [0x00000000c0900000, 0x00000000c0a00000)
AC   0  O    TS     0 PTAMS 0x00000000c0b00000 NTAMS 0x00000000c0b00000 space 1024K, 100% used [0x00000000c0a00000, 0x00000000c0b00000)
AC   0  O    TS     0 PTAMS 0x00000000c0c00000 NTAMS 0x00000000c0c00000 space 1024K, 100% used [0x00000000c0b00000, 0x00000000c0c00000)
AC   0  O    TS     0 PTAMS 0x00000000c0d00000 NTAMS 0x00000000c0d00000 space 1024K, 100% used [0x00000000c0c00000, 0x00000000c0d00000)
AC   0  O    TS     0 PTAMS 0x00000000c0e00000 NTAMS 0x00000000c0e00000 space 1024K, 100% used [0x00000000c0d00000, 0x00000000c0e00000)
AC   0  O    TS     0 PTAMS 0x00000000c0f00000 NTAMS 0x00000000c0f00000 space 1024K, 100% used [0x00000000c0e00000, 0x00000000c0f00000)
AC   0  O    TS     0 PTAMS 0x00000000c1000000 NTAMS 0x00000000c1000000 space 1024K, 100% used [0x00000000c0f00000, 0x00000000c1000000)
AC   0  O    TS     0 PTAMS 0x00000000c1100000 NTAMS 0x00000000c1100000 space 1024K, 100% used [0x00000000c1000000, 0x00000000c1100000)
AC   0  F    TS     0 PTAMS 0x00000000c1100000 NTAMS 0x00000000c1100000 space 1024K,   0% used [0x00000000c1100000, 0x00000000c1200000)
AC   0  O    TS     5 PTAMS 0x00000000c1200000 NTAMS 0x00000000c1200000 space 1024K, 100% used [0x00000000c1200000, 0x00000000c1300000)
AC   0  O    TS     5 PTAMS 0x00000000c1300000 NTAMS 0x00000000c1300000 space 1024K, 100% used [0x00000000c1300000, 0x00000000c1400000)
AC   0  O    TS     5 PTAMS 0x00000000c1400000 NTAMS 0x00000000c1400000 space 1024K, 100% used [0x00000000c1400000, 0x00000000c1500000)
AC   0  O    TS     5 PTAMS 0x00000000c1500000 NTAMS 0x00000000c1500000 space 1024K, 100% used [0x00000000c1500000, 0x00000000c1600000)
AC   0  O    TS     0 PTAMS 0x00000000c1700000 NTAMS 0x00000000c1700000 space 1024K, 100% used [0x00000000c1600000, 0x00000000c1700000)
AC   0  O    TS     1 PTAMS 0x00000000c1700000 NTAMS 0x00000000c1700000 space 1024K, 100% used [0x00000000c1700000, 0x00000000c1800000)
AC   0  O    TS     0 PTAMS 0x00000000c1900000 NTAMS 0x00000000c1900000 space 1024K, 100% used [0x00000000c1800000, 0x00000000c1900000)
AC   0  O    TS     0 PTAMS 0x00000000c1a00000 NTAMS 0x00000000c1a00000 space 1024K, 100% used [0x00000000c1900000, 0x00000000c1a00000)
AC   0  O    TS     5 PTAMS 0x00000000c1a00000 NTAMS 0x00000000c1a00000 space 1024K, 100% used [0x00000000c1a00000, 0x00000000c1b00000)
AC   0  O    TS     3 PTAMS 0x00000000c1b00000 NTAMS 0x00000000c1b00000 space 1024K, 100% used [0x00000000c1b00000, 0x00000000c1c00000)
AC   0  O    TS     5 PTAMS 0x00000000c1c00000 NTAMS 0x00000000c1c00000 space 1024K, 100% used [0x00000000c1c00000, 0x00000000c1d00000)
AC   0  O    TS     0 PTAMS 0x00000000c1e00000 NTAMS 0x00000000c1e00000 space 1024K, 100% used [0x00000000c1d00000, 0x00000000c1e00000)
AC   0  O    TS     0 PTAMS 0x00000000c1f00000 NTAMS 0x00000000c1f00000 space 1024K, 100% used [0x00000000c1e00000, 0x00000000c1f00000)
AC   0  O    TS     5 PTAMS 0x00000000c1f00000 NTAMS 0x00000000c1f00000 space 1024K, 100% used [0x00000000c1f00000, 0x00000000c2000000)
AC   0  O    TS     0 PTAMS 0x00000000c2100000 NTAMS 0x00000000c2100000 space 1024K, 100% used [0x00000000c2000000, 0x00000000c2100000)
AC   0  F    TS     0 PTAMS 0x00000000c2100000 NTAMS 0x00000000c2100000 space 1024K,   0% used [0x00000000c2100000, 0x00000000c2200000)
AC   0  O    TS     5 PTAMS 0x00000000c2200000 NTAMS 0x00000000c2200000 space 1024K, 100% used [0x00000000c2200000, 0x00000000c2300000)
AC   0  F    TS     0 PTAMS 0x00000000c2300000 NTAMS 0x00000000c2300000 space 1024K,   0% used [0x00000000c2300000, 0x00000000c2400000)
AC   0  O    TS     3 PTAMS 0x00000000c2400000 NTAMS 0x00000000c2400000 space 1024K, 100% used [0x00000000c2400000, 0x00000000c2500000)
AC   0  F    TS     0 PTAMS 0x00000000c2500000 NTAMS 0x00000000c2500000 space 1024K,   0% used [0x00000000c2500000, 0x00000000c2600000)
AC   0  F    TS     0 PTAMS 0x00000000c2600000 NTAMS 0x00000000c2600000 space 1024K,   0% used [0x00000000c2600000, 0x00000000c2700000)
AC   0  F    TS     0 PTAMS 0x00000000c2700000 NTAMS 0x00000000c2700000 space 1024K,   0% used [0x00000000c2700000, 0x00000000c2800000)
AC   0  F    TS     0 PTAMS 0x00000000c2800000 NTAMS 0x00000000c2800000 space 1024K,   0% used [0x00000000c2800000, 0x00000000c2900000)
AC   0  F    TS     0 PTAMS 0x00000000c2900000 NTAMS 0x00000000c2900000 space 1024K,   0% used [0x00000000c2900000, 0x00000000c2a00000)
AC   0 HS    TS     0 PTAMS 0x00000000c2a80010 NTAMS 0x00000000c2a80010 space 1024K,  50% used [0x00000000c2a00000, 0x00000000c2b00000)
AC   0  F    TS     0 PTAMS 0x00000000c2b00000 NTAMS 0x00000000c2b00000 space 1024K,   0% used [0x00000000c2b00000, 0x00000000c2c00000)
AC   0  F    TS     0 PTAMS 0x00000000c2c00000 NTAMS 0x00000000c2c00000 space 1024K,   0% used [0x00000000c2c00000, 0x00000000c2d00000)
AC   0  O    TS     0 PTAMS 0x00000000c2e00000 NTAMS 0x00000000c2e00000 space 1024K, 100% used [0x00000000c2d00000, 0x00000000c2e00000)
AC   0  F    TS     0 PTAMS 0x00000000c2e00000 NTAMS 0x00000000c2e00000 space 1024K,   0% used [0x00000000c2e00000, 0x00000000c2f00000)
AC   0  F    TS     0 PTAMS 0x00000000c2f00000 NTAMS 0x00000000c2f00000 space 1024K,   0% used [0x00000000c2f00000, 0x00000000c3000000)
AC   0  F    TS     0 PTAMS 0x00000000c3000000 NTAMS 0x00000000c3000000 space 1024K,   0% used [0x00000000c3000000, 0x00000000c3100000)
AC   0  F    TS     0 PTAMS 0x00000000c3100000 NTAMS 0x00000000c3100000 space 1024K,   0% used [0x00000000c3100000, 0x00000000c3200000)
AC   0  O    TS     3 PTAMS 0x00000000c3200000 NTAMS 0x00000000c3200000 space 1024K, 100% used [0x00000000c3200000, 0x00000000c3300000)
AC   0  O    TS     3 PTAMS 0x00000000c3300000 NTAMS 0x00000000c3300000 space 1024K, 100% used [0x00000000c3300000, 0x00000000c3400000)
AC   0  O    TS     0 PTAMS 0x00000000c3500000 NTAMS 0x00000000c3500000 space 1024K, 100% used [0x00000000c3400000, 0x00000000c3500000)
AC   0  O    TS     0 PTAMS 0x00000000c3600000 NTAMS 0x00000000c3600000 space 1024K, 100% used [0x00000000c3500000, 0x00000000c3600000)
AC   0  F    TS     0 PTAMS 0x00000000c3600000 NTAMS 0x00000000c3600000 space 1024K,   0% used [0x00000000c3600000, 0x00000000c3700000)
AC   0  F    TS     0 PTAMS 0x00000000c3700000 NTAMS 0x00000000c3700000 space 1024K,   0% used [0x00000000c3700000, 0x00000000c3800000)
AC   0  O    TS     0 PTAMS 0x00000000c3900000 NTAMS 0x00000000c3900000 space 1024K, 100% used [0x00000000c3800000, 0x00000000c3900000)
AC   0  F    TS     0 PTAMS 0x00000000c3900000 NTAMS 0x00000000c3900000 space 1024K,   0% used [0x00000000c3900000, 0x00000000c3a00000)
AC   0  O    TS     3 PTAMS 0x00000000c3a00000 NTAMS 0x00000000c3a00000 space 1024K, 100% used [0x00000000c3a00000, 0x00000000c3b00000)
AC   0  F    TS     0 PTAMS 0x00000000c3b00000 NTAMS 0x00000000c3b00000 space 1024K,   0% used [0x00000000c3b00000, 0x00000000c3c00000)
AC   0  F    TS     0 PTAMS 0x00000000c3c00000 NTAMS 0x00000000c3c00000 space 1024K,   0% used [0x00000000c3c00000, 0x00000000c3d00000)
AC   0  O    TS     0 PTAMS 0x00000000c3e00000 NTAMS 0x00000000c3e00000 space 1024K, 100% used [0x00000000c3d00000, 0x00000000c3e00000)
AC   0  O    TS     0 PTAMS 0x00000000c3f00000 NTAMS 0x00000000c3f00000 space 1024K, 100% used [0x00000000c3e00000, 0x00000000c3f00000)
AC   0  O    TS     0 PTAMS 0x00000000c4000000 NTAMS 0x00000000c4000000 space 1024K, 100% used [0x00000000c3f00000, 0x00000000c4000000)
AC   0  O    TS     0 PTAMS 0x00000000c4100000 NTAMS 0x00000000c4100000 space 1024K, 100% used [0x00000000c4000000, 0x00000000c4100000)
AC   0  O    TS     0 PTAMS 0x00000000c4200000 NTAMS 0x00000000c4200000 space 1024K, 100% used [0x00000000c4100000, 0x00000000c4200000)
AC   0  O    TS     0 PTAMS 0x00000000c4300000 NTAMS 0x00000000c4300000 space 1024K, 100% used [0x00000000c4200000, 0x00000000c4300000)
AC   0  O    TS     0 PTAMS 0x00000000c4400000 NTAMS 0x00000000c4400000 space 1024K, 100% used [0x00000000c4300000, 0x00000000c4400000)
AC   0  O    TS     0 PTAMS 0x00000000c4500000 NTAMS 0x00000000c4500000 space 1024K, 100% used [0x00000000c4400000, 0x00000000c4500000)
AC   0  O    TS     0 PTAMS 0x00000000c4600000 NTAMS 0x00000000c4600000 space 1024K, 100% used [0x00000000c4500000, 0x00000000c4600000)
AC   0  O    TS     0 PTAMS 0x00000000c4700000 NTAMS 0x00000000c4700000 space 1024K, 100% used [0x00000000c4600000, 0x00000000c4700000)
AC   0 HS    TS     0 PTAMS 0x00000000c4700000 NTAMS 0x00000000c4700000 space 1024K,  84% used [0x00000000c4700000, 0x00000000c4800000)
AC   0  O    TS     3 PTAMS 0x00000000c4800000 NTAMS 0x00000000c4800000 space 1024K, 100% used [0x00000000c4800000, 0x00000000c4900000)
AC   0  O    TS     3 PTAMS 0x00000000c4900000 NTAMS 0x00000000c4900000 space 1024K, 100% used [0x00000000c4900000, 0x00000000c4a00000)
AC   0  O    TS     3 PTAMS 0x00000000c4a00000 NTAMS 0x00000000c4a00000 space 1024K, 100% used [0x00000000c4a00000, 0x00000000c4b00000)
AC   0  O    TS     3 PTAMS 0x00000000c4b00000 NTAMS 0x00000000c4b00000 space 1024K, 100% used [0x00000000c4b00000, 0x00000000c4c00000)
AC   0  O    TS     3 PTAMS 0x00000000c4c00000 NTAMS 0x00000000c4c00000 space 1024K, 100% used [0x00000000c4c00000, 0x00000000c4d00000)
AC   0  O    TS     3 PTAMS 0x00000000c4d00000 NTAMS 0x00000000c4d00000 space 1024K, 100% used [0x00000000c4d00000, 0x00000000c4e00000)
AC   0  O    TS     3 PTAMS 0x00000000c4e00000 NTAMS 0x00000000c4e00000 space 1024K, 100% used [0x00000000c4e00000, 0x00000000c4f00000)
AC   0  O    TS     3 PTAMS 0x00000000c4f00000 NTAMS 0x00000000c4f00000 space 1024K, 100% used [0x00000000c4f00000, 0x00000000c5000000)
AC   0  O    TS     3 PTAMS 0x00000000c5000000 NTAMS 0x00000000c5000000 space 1024K, 100% used [0x00000000c5000000, 0x00000000c5100000)
AC   0  O    TS     3 PTAMS 0x00000000c5100000 NTAMS 0x00000000c5100000 space 1024K, 100% used [0x00000000c5100000, 0x00000000c5200000)
AC   0  O    TS     3 PTAMS 0x00000000c5200000 NTAMS 0x00000000c5200000 space 1024K, 100% used [0x00000000c5200000, 0x00000000c5300000)
AC   0  O    TS     3 PTAMS 0x00000000c5300000 NTAMS 0x00000000c5300000 space 1024K, 100% used [0x00000000c5300000, 0x00000000c5400000)
AC   0  F    TS     0 PTAMS 0x00000000c5400000 NTAMS 0x00000000c5400000 space 1024K,   0% used [0x00000000c5400000, 0x00000000c5500000)
AC   0  F    TS     0 PTAMS 0x00000000c5500000 NTAMS 0x00000000c5500000 space 1024K,   0% used [0x00000000c5500000, 0x00000000c5600000)
AC   0  F    TS     0 PTAMS 0x00000000c5600000 NTAMS 0x00000000c5600000 space 1024K,   0% used [0x00000000c5600000, 0x00000000c5700000)
AC   0  F    TS     0 PTAMS 0x00000000c5700000 NTAMS 0x00000000c5700000 space 1024K,   0% used [0x00000000c5700000, 0x00000000c5800000)
AC   0  F    TS     0 PTAMS 0x00000000c5800000 NTAMS 0x00000000c5800000 space 1024K,   0% used [0x00000000c5800000, 0x00000000c5900000)
AC   0  F    TS     0 PTAMS 0x00000000c5900000 NTAMS 0x00000000c5900000 space 1024K,   0% used [0x00000000c5900000, 0x00000000c5a00000)
AC   0  F    TS     0 PTAMS 0x00000000c5a00000 NTAMS 0x00000000c5a00000 space 1024K,   0% used [0x00000000c5a00000, 0x00000000c5b00000)
AC   0  F    TS     0 PTAMS 0x00000000c5b00000 NTAMS 0x00000000c5b00000 space 1024K,   0% used [0x00000000c5b00000, 0x00000000c5c00000)
AC   0  F    TS     0 PTAMS 0x00000000c5c00000 NTAMS 0x00000000c5c00000 space 1024K,   0% used [0x00000000c5c00000, 0x00000000c5d00000)
AC   0  F    TS     0 PTAMS 0x00000000c5d00000 NTAMS 0x00000000c5d00000 space 1024K,   0% used [0x00000000c5d00000, 0x00000000c5e00000)
AC   0  F    TS     0 PTAMS 0x00000000c5e00000 NTAMS 0x00000000c5e00000 space 1024K,   0% used [0x00000000c5e00000, 0x00000000c5f00000)
AC   0  F    TS     0 PTAMS 0x00000000c5f00000 NTAMS 0x00000000c5f00000 space 1024K,   0% used [0x00000000c5f00000, 0x00000000c6000000)
AC   0  F    TS     0 PTAMS 0x00000000c6000000 NTAMS 0x00000000c6000000 space 1024K,   0% used [0x00000000c6000000, 0x00000000c6100000)
AC   0  F    TS     0 PTAMS 0x00000000c6100000 NTAMS 0x00000000c6100000 space 1024K,   0% used [0x00000000c6100000, 0x00000000c6200000)
AC   0  F    TS     0 PTAMS 0x00000000c6200000 NTAMS 0x00000000c6200000 space 1024K,   0% used [0x00000000c6200000, 0x00000000c6300000)
AC   0  F    TS     0 PTAMS 0x00000000c6300000 NTAMS 0x00000000c6300000 space 1024K,   0% used [0x00000000c6300000, 0x00000000c6400000)
AC   0  F    TS     0 PTAMS 0x00000000c6400000 NTAMS 0x00000000c6400000 space 1024K,   0% used [0x00000000c6400000, 0x00000000c6500000)
AC   0  F    TS     0 PTAMS 0x00000000c6500000 NTAMS 0x00000000c6500000 space 1024K,   0% used [0x00000000c6500000, 0x00000000c6600000)
AC   0  F    TS     0 PTAMS 0x00000000c6600000 NTAMS 0x00000000c6600000 space 1024K,   0% used [0x00000000c6600000, 0x00000000c6700000)
AC   0  F    TS     0 PTAMS 0x00000000c6700000 NTAMS 0x00000000c6700000 space 1024K,   0% used [0x00000000c6700000, 0x00000000c6800000)
AC   0  F    TS     0 PTAMS 0x00000000c6800000 NTAMS 0x00000000c6800000 space 1024K,   0% used [0x00000000c6800000, 0x00000000c6900000)
AC   0  F    TS     0 PTAMS 0x00000000c6900000 NTAMS 0x00000000c6900000 space 1024K,   0% used [0x00000000c6900000, 0x00000000c6a00000)
AC   0  F    TS     0 PTAMS 0x00000000c6a00000 NTAMS 0x00000000c6a00000 space 1024K,   0% used [0x00000000c6a00000, 0x00000000c6b00000)
AC   0  F    TS     0 PTAMS 0x00000000c6b00000 NTAMS 0x00000000c6b00000 space 1024K,   0% used [0x00000000c6b00000, 0x00000000c6c00000)
AC   0  F    TS     0 PTAMS 0x00000000c6c00000 NTAMS 0x00000000c6c00000 space 1024K,   0% used [0x00000000c6c00000, 0x00000000c6d00000)
AC   0  F    TS     0 PTAMS 0x00000000c6d00000 NTAMS 0x00000000c6d00000 space 1024K,   0% used [0x00000000c6d00000, 0x00000000c6e00000)
AC   0  F    TS     0 PTAMS 0x00000000c6e00000 NTAMS 0x00000000c6e00000 space 1024K,   0% used [0x00000000c6e00000, 0x00000000c6f00000)
AC   0  F    TS     0 PTAMS 0x00000000c6f00000 NTAMS 0x00000000c6f00000 space 1024K,   0% used [0x00000000c6f00000, 0x00000000c7000000)
AC   0  F    TS     0 PTAMS 0x00000000c7000000 NTAMS 0x00000000c7000000 space 1024K,   0% used [0x00000000c7000000, 0x00000000c7100000)
AC   0  F    TS     0 PTAMS 0x00000000c7100000 NTAMS 0x00000000c7100000 space 1024K,   0% used [0x00000000c7100000, 0x00000000c7200000)
AC   0  F    TS     0 PTAMS 0x00000000c7200000 NTAMS 0x00000000c7200000 space 1024K,   0% used [0x00000000c7200000, 0x00000000c7300000)
AC   0  F    TS     0 PTAMS 0x00000000c7300000 NTAMS 0x00000000c7300000 space 1024K,   0% used [0x00000000c7300000, 0x00000000c7400000)
AC   0  F    TS     0 PTAMS 0x00000000c7400000 NTAMS 0x00000000c7400000 space 1024K,   0% used [0x00000000c7400000, 0x00000000c7500000)
AC   0  F    TS     0 PTAMS 0x00000000c7500000 NTAMS 0x00000000c7500000 space 1024K,   0% used [0x00000000c7500000, 0x00000000c7600000)
AC   0  F    TS     0 PTAMS 0x00000000c7600000 NTAMS 0x00000000c7600000 space 1024K,   0% used [0x00000000c7600000, 0x00000000c7700000)
AC   0  F    TS     0 PTAMS 0x00000000c7700000 NTAMS 0x00000000c7700000 space 1024K,   0% used [0x00000000c7700000, 0x00000000c7800000)
AC   0  F    TS     0 PTAMS 0x00000000c7800000 NTAMS 0x00000000c7800000 space 1024K,   0% used [0x00000000c7800000, 0x00000000c7900000)
AC   0  F    TS     0 PTAMS 0x00000000c7900000 NTAMS 0x00000000c7900000 space 1024K,   0% used [0x00000000c7900000, 0x00000000c7a00000)
AC   0  F    TS     0 PTAMS 0x00000000c7a00000 NTAMS 0x00000000c7a00000 space 1024K,   0% used [0x00000000c7a00000, 0x00000000c7b00000)
AC   0  F    TS     0 PTAMS 0x00000000c7b00000 NTAMS 0x00000000c7b00000 space 1024K,   0% used [0x00000000c7b00000, 0x00000000c7c00000)
AC   0  F    TS     0 PTAMS 0x00000000c7c00000 NTAMS 0x00000000c7c00000 space 1024K,   0% used [0x00000000c7c00000, 0x00000000c7d00000)
AC   0  F    TS     0 PTAMS 0x00000000c7d00000 NTAMS 0x00000000c7d00000 space 1024K,   0% used [0x00000000c7d00000, 0x00000000c7e00000)
AC   0  F    TS     0 PTAMS 0x00000000c7e00000 NTAMS 0x00000000c7e00000 space 1024K,   0% used [0x00000000c7e00000, 0x00000000c7f00000)
AC   0  F    TS     0 PTAMS 0x00000000c7f00000 NTAMS 0x00000000c7f00000 space 1024K,   0% used [0x00000000c7f00000, 0x00000000c8000000)
AC   0  F    TS     0 PTAMS 0x00000000c8000000 NTAMS 0x00000000c8000000 space 1024K,   0% used [0x00000000c8000000, 0x00000000c8100000)
AC   0  F    TS     0 PTAMS 0x00000000c8100000 NTAMS 0x00000000c8100000 space 1024K,   0% used [0x00000000c8100000, 0x00000000c8200000)
AC   0  F    TS     0 PTAMS 0x00000000c8200000 NTAMS 0x00000000c8200000 space 1024K,   0% used [0x00000000c8200000, 0x00000000c8300000)
AC   0  F    TS     0 PTAMS 0x00000000c8300000 NTAMS 0x00000000c8300000 space 1024K,   0% used [0x00000000c8300000, 0x00000000c8400000)
AC   0  F    TS     0 PTAMS 0x00000000c8400000 NTAMS 0x00000000c8400000 space 1024K,   0% used [0x00000000c8400000, 0x00000000c8500000)
AC   0  F    TS     0 PTAMS 0x00000000c8500000 NTAMS 0x00000000c8500000 space 1024K,   0% used [0x00000000c8500000, 0x00000000c8600000)
AC   0  F    TS     0 PTAMS 0x00000000c8600000 NTAMS 0x00000000c8600000 space 1024K,   0% used [0x00000000c8600000, 0x00000000c8700000)
AC   0  F    TS     0 PTAMS 0x00000000c8700000 NTAMS 0x00000000c8700000 space 1024K,   0% used [0x00000000c8700000, 0x00000000c8800000)
AC   0  F    TS     0 PTAMS 0x00000000c8800000 NTAMS 0x00000000c8800000 space 1024K,   0% used [0x00000000c8800000, 0x00000000c8900000)
AC   0  F    TS     0 PTAMS 0x00000000c8900000 NTAMS 0x00000000c8900000 space 1024K,   0% used [0x00000000c8900000, 0x00000000c8a00000)
AC   0  O    TS     0 PTAMS 0x00000000c8b00000 NTAMS 0x00000000c8b00000 space 1024K, 100% used [0x00000000c8a00000, 0x00000000c8b00000)
AC   0  O    TS     0 PTAMS 0x00000000c8c00000 NTAMS 0x00000000c8c00000 space 1024K, 100% used [0x00000000c8b00000, 0x00000000c8c00000)
AC   0  O    TS     0 PTAMS 0x00000000c8d00000 NTAMS 0x00000000c8d00000 space 1024K, 100% used [0x00000000c8c00000, 0x00000000c8d00000)
AC   0  O    TS     0 PTAMS 0x00000000c8e00000 NTAMS 0x00000000c8e00000 space 1024K, 100% used [0x00000000c8d00000, 0x00000000c8e00000)
AC   0  O    TS     0 PTAMS 0x00000000c8f00000 NTAMS 0x00000000c8f00000 space 1024K, 100% used [0x00000000c8e00000, 0x00000000c8f00000)
AC   0  O    TS     0 PTAMS 0x00000000c9000000 NTAMS 0x00000000c9000000 space 1024K, 100% used [0x00000000c8f00000, 0x00000000c9000000)
AC   0  F    TS     0 PTAMS 0x00000000c9000000 NTAMS 0x00000000c9000000 space 1024K,   0% used [0x00000000c9000000, 0x00000000c9100000)
AC   0  F    TS     0 PTAMS 0x00000000c9100000 NTAMS 0x00000000c9100000 space 1024K,   0% used [0x00000000c9100000, 0x00000000c9200000)
AC   0  O    TS     0 PTAMS 0x00000000c9300000 NTAMS 0x00000000c9300000 space 1024K, 100% used [0x00000000c9200000, 0x00000000c9300000)
AC   0  F    TS     0 PTAMS 0x00000000c9300000 NTAMS 0x00000000c9300000 space 1024K,   0% used [0x00000000c9300000, 0x00000000c9400000)
AC   0  O    TS     0 PTAMS 0x00000000c9500000 NTAMS 0x00000000c9500000 space 1024K, 100% used [0x00000000c9400000, 0x00000000c9500000)
AC   0  F    TS     0 PTAMS 0x00000000c9500000 NTAMS 0x00000000c9500000 space 1024K,   0% used [0x00000000c9500000, 0x00000000c9600000)
AC   0  F    TS     0 PTAMS 0x00000000c9600000 NTAMS 0x00000000c9600000 space 1024K,   0% used [0x00000000c9600000, 0x00000000c9700000)
AC   0  F    TS     0 PTAMS 0x00000000c9700000 NTAMS 0x00000000c9700000 space 1024K,   0% used [0x00000000c9700000, 0x00000000c9800000)
AC   0  F    TS     0 PTAMS 0x00000000c9800000 NTAMS 0x00000000c9800000 space 1024K,   0% used [0x00000000c9800000, 0x00000000c9900000)
AC   0  F    TS     0 PTAMS 0x00000000c9900000 NTAMS 0x00000000c9900000 space 1024K,   0% used [0x00000000c9900000, 0x00000000c9a00000)
AC   0  F    TS     0 PTAMS 0x00000000c9a00000 NTAMS 0x00000000c9a00000 space 1024K,   0% used [0x00000000c9a00000, 0x00000000c9b00000)
AC   0  F    TS     0 PTAMS 0x00000000c9b00000 NTAMS 0x00000000c9b00000 space 1024K,   0% used [0x00000000c9b00000, 0x00000000c9c00000)
AC   0  O    TS     0 PTAMS 0x00000000c9d00000 NTAMS 0x00000000c9d00000 space 1024K, 100% used [0x00000000c9c00000, 0x00000000c9d00000)
AC   0  O    TS     0 PTAMS 0x00000000c9e00000 NTAMS 0x00000000c9e00000 space 1024K, 100% used [0x00000000c9d00000, 0x00000000c9e00000)
AC   0  O    TS     0 PTAMS 0x00000000c9f00000 NTAMS 0x00000000c9f00000 space 1024K, 100% used [0x00000000c9e00000, 0x00000000c9f00000)
AC   0  F    TS     0 PTAMS 0x00000000c9f00000 NTAMS 0x00000000c9f00000 space 1024K,   0% used [0x00000000c9f00000, 0x00000000ca000000)
AC   0  F    TS     0 PTAMS 0x00000000ca000000 NTAMS 0x00000000ca000000 space 1024K,   0% used [0x00000000ca000000, 0x00000000ca100000)
AC   0  F    TS     0 PTAMS 0x00000000ca100000 NTAMS 0x00000000ca100000 space 1024K,   0% used [0x00000000ca100000, 0x00000000ca200000)
AC   0  F    TS     0 PTAMS 0x00000000ca200000 NTAMS 0x00000000ca200000 space 1024K,   0% used [0x00000000ca200000, 0x00000000ca300000)
AC   0  F    TS     0 PTAMS 0x00000000ca300000 NTAMS 0x00000000ca300000 space 1024K,   0% used [0x00000000ca300000, 0x00000000ca400000)
AC   0  F    TS     0 PTAMS 0x00000000ca400000 NTAMS 0x00000000ca400000 space 1024K,   0% used [0x00000000ca400000, 0x00000000ca500000)
AC   0  F    TS     0 PTAMS 0x00000000ca500000 NTAMS 0x00000000ca500000 space 1024K,   0% used [0x00000000ca500000, 0x00000000ca600000)
AC   0  F    TS     0 PTAMS 0x00000000ca600000 NTAMS 0x00000000ca600000 space 1024K,   0% used [0x00000000ca600000, 0x00000000ca700000)
AC   0  F    TS     0 PTAMS 0x00000000ca700000 NTAMS 0x00000000ca700000 space 1024K,   0% used [0x00000000ca700000, 0x00000000ca800000)
AC   0  F    TS     0 PTAMS 0x00000000ca800000 NTAMS 0x00000000ca800000 space 1024K,   0% used [0x00000000ca800000, 0x00000000ca900000)
AC   0  F    TS     0 PTAMS 0x00000000ca900000 NTAMS 0x00000000ca900000 space 1024K,   0% used [0x00000000ca900000, 0x00000000caa00000)
AC   0  F    TS     0 PTAMS 0x00000000caa00000 NTAMS 0x00000000caa00000 space 1024K,   0% used [0x00000000caa00000, 0x00000000cab00000)
AC   0  F    TS     0 PTAMS 0x00000000cab00000 NTAMS 0x00000000cab00000 space 1024K,   0% used [0x00000000cab00000, 0x00000000cac00000)
AC   0  F    TS     0 PTAMS 0x00000000cac00000 NTAMS 0x00000000cac00000 space 1024K,   0% used [0x00000000cac00000, 0x00000000cad00000)
AC   0  F    TS     0 PTAMS 0x00000000cad00000 NTAMS 0x00000000cad00000 space 1024K,   0% used [0x00000000cad00000, 0x00000000cae00000)
AC   0  F    TS     0 PTAMS 0x00000000cae00000 NTAMS 0x00000000cae00000 space 1024K,   0% used [0x00000000cae00000, 0x00000000caf00000)
AC   0  F    TS     0 PTAMS 0x00000000caf00000 NTAMS 0x00000000caf00000 space 1024K,   0% used [0x00000000caf00000, 0x00000000cb000000)
AC   0  F    TS     0 PTAMS 0x00000000cb000000 NTAMS 0x00000000cb000000 space 1024K,   0% used [0x00000000cb000000, 0x00000000cb100000)
AC   0  F    TS     0 PTAMS 0x00000000cb100000 NTAMS 0x00000000cb100000 space 1024K,   0% used [0x00000000cb100000, 0x00000000cb200000)
AC   0  F    TS     0 PTAMS 0x00000000cb200000 NTAMS 0x00000000cb200000 space 1024K,   0% used [0x00000000cb200000, 0x00000000cb300000)
AC   0  F    TS     0 PTAMS 0x00000000cb300000 NTAMS 0x00000000cb300000 space 1024K,   0% used [0x00000000cb300000, 0x00000000cb400000)
AC   0  F    TS     0 PTAMS 0x00000000cb400000 NTAMS 0x00000000cb400000 space 1024K,   0% used [0x00000000cb400000, 0x00000000cb500000)
AC   0  F    TS     0 PTAMS 0x00000000cb500000 NTAMS 0x00000000cb500000 space 1024K,   0% used [0x00000000cb500000, 0x00000000cb600000)
AC   0  F    TS     0 PTAMS 0x00000000cb600000 NTAMS 0x00000000cb600000 space 1024K,   0% used [0x00000000cb600000, 0x00000000cb700000)
AC   0  F    TS     0 PTAMS 0x00000000cb700000 NTAMS 0x00000000cb700000 space 1024K,   0% used [0x00000000cb700000, 0x00000000cb800000)
AC   0  F    TS     0 PTAMS 0x00000000cb800000 NTAMS 0x00000000cb800000 space 1024K,   0% used [0x00000000cb800000, 0x00000000cb900000)
AC   0  F    TS     0 PTAMS 0x00000000cb900000 NTAMS 0x00000000cb900000 space 1024K,   0% used [0x00000000cb900000, 0x00000000cba00000)
AC   0  F    TS     0 PTAMS 0x00000000cba00000 NTAMS 0x00000000cba00000 space 1024K,   0% used [0x00000000cba00000, 0x00000000cbb00000)
AC   0  F    TS     0 PTAMS 0x00000000cbb00000 NTAMS 0x00000000cbb00000 space 1024K,   0% used [0x00000000cbb00000, 0x00000000cbc00000)
AC   0  F    TS     0 PTAMS 0x00000000cbc00000 NTAMS 0x00000000cbc00000 space 1024K,   0% used [0x00000000cbc00000, 0x00000000cbd00000)
AC   0  F    TS     0 PTAMS 0x00000000cbd00000 NTAMS 0x00000000cbd00000 space 1024K,   0% used [0x00000000cbd00000, 0x00000000cbe00000)
AC   0  F    TS     1 PTAMS 0x00000000cbe00000 NTAMS 0x00000000cbe00000 space 1024K,   0% used [0x00000000cbe00000, 0x00000000cbf00000)
AC   0  F    TS     1 PTAMS 0x00000000cbf00000 NTAMS 0x00000000cbf00000 space 1024K,   0% used [0x00000000cbf00000, 0x00000000cc000000)
AC   0  F    TS     1 PTAMS 0x00000000cc000000 NTAMS 0x00000000cc000000 space 1024K,   0% used [0x00000000cc000000, 0x00000000cc100000)
AC   0  F    TS     1 PTAMS 0x00000000cc100000 NTAMS 0x00000000cc100000 space 1024K,   0% used [0x00000000cc100000, 0x00000000cc200000)
AC   0  F    TS     1 PTAMS 0x00000000cc200000 NTAMS 0x00000000cc200000 space 1024K,   0% used [0x00000000cc200000, 0x00000000cc300000)
AC   0  F    TS     1 PTAMS 0x00000000cc300000 NTAMS 0x00000000cc300000 space 1024K,   0% used [0x00000000cc300000, 0x00000000cc400000)
AC   0  F    TS     1 PTAMS 0x00000000cc400000 NTAMS 0x00000000cc400000 space 1024K,   0% used [0x00000000cc400000, 0x00000000cc500000)
AC   0  F    TS     1 PTAMS 0x00000000cc500000 NTAMS 0x00000000cc500000 space 1024K,   0% used [0x00000000cc500000, 0x00000000cc600000)
AC   0  F    TS     1 PTAMS 0x00000000cc600000 NTAMS 0x00000000cc600000 space 1024K,   0% used [0x00000000cc600000, 0x00000000cc700000)
AC   0  F    TS     1 PTAMS 0x00000000cc700000 NTAMS 0x00000000cc700000 space 1024K,   0% used [0x00000000cc700000, 0x00000000cc800000)
AC   0  F    TS     1 PTAMS 0x00000000cc800000 NTAMS 0x00000000cc800000 space 1024K,   0% used [0x00000000cc800000, 0x00000000cc900000)
AC   0  F    TS     1 PTAMS 0x00000000cc900000 NTAMS 0x00000000cc900000 space 1024K,   0% used [0x00000000cc900000, 0x00000000cca00000)
AC   0  F    TS     0 PTAMS 0x00000000cca00000 NTAMS 0x00000000cca00000 space 1024K,   0% used [0x00000000cca00000, 0x00000000ccb00000)
AC   0  F    TS     0 PTAMS 0x00000000ccb00000 NTAMS 0x00000000ccb00000 space 1024K,   0% used [0x00000000ccb00000, 0x00000000ccc00000)
AC   0  F    TS     0 PTAMS 0x00000000ccc00000 NTAMS 0x00000000ccc00000 space 1024K,   0% used [0x00000000ccc00000, 0x00000000ccd00000)
AC   0  F    TS     0 PTAMS 0x00000000ccd00000 NTAMS 0x00000000ccd00000 space 1024K,   0% used [0x00000000ccd00000, 0x00000000cce00000)
AC   0  F    TS     0 PTAMS 0x00000000cce00000 NTAMS 0x00000000cce00000 space 1024K,   0% used [0x00000000cce00000, 0x00000000ccf00000)
AC   0  F    TS     0 PTAMS 0x00000000ccf00000 NTAMS 0x00000000ccf00000 space 1024K,   0% used [0x00000000ccf00000, 0x00000000cd000000)
AC   0  F    TS     0 PTAMS 0x00000000cd000000 NTAMS 0x00000000cd000000 space 1024K,   0% used [0x00000000cd000000, 0x00000000cd100000)
AC   0  F    TS     0 PTAMS 0x00000000cd100000 NTAMS 0x00000000cd100000 space 1024K,   0% used [0x00000000cd100000, 0x00000000cd200000)
AC   0  F    TS     0 PTAMS 0x00000000cd200000 NTAMS 0x00000000cd200000 space 1024K,   0% used [0x00000000cd200000, 0x00000000cd300000)
AC   0  F    TS     0 PTAMS 0x00000000cd300000 NTAMS 0x00000000cd300000 space 1024K,   0% used [0x00000000cd300000, 0x00000000cd400000)
AC   0  F    TS     0 PTAMS 0x00000000cd400000 NTAMS 0x00000000cd400000 space 1024K,   0% used [0x00000000cd400000, 0x00000000cd500000)
AC   0  F    TS     0 PTAMS 0x00000000cd500000 NTAMS 0x00000000cd500000 space 1024K,   0% used [0x00000000cd500000, 0x00000000cd600000)
AC   0  F    TS     0 PTAMS 0x00000000cd600000 NTAMS 0x00000000cd600000 space 1024K,   0% used [0x00000000cd600000, 0x00000000cd700000)
AC   0  F    TS     0 PTAMS 0x00000000cd700000 NTAMS 0x00000000cd700000 space 1024K,   0% used [0x00000000cd700000, 0x00000000cd800000)
AC   0  F    TS     0 PTAMS 0x00000000cd800000 NTAMS 0x00000000cd800000 space 1024K,   0% used [0x00000000cd800000, 0x00000000cd900000)
AC   0  F    TS     0 PTAMS 0x00000000cd900000 NTAMS 0x00000000cd900000 space 1024K,   0% used [0x00000000cd900000, 0x00000000cda00000)
AC   0  F    TS     0 PTAMS 0x00000000cda00000 NTAMS 0x00000000cda00000 space 1024K,   0% used [0x00000000cda00000, 0x00000000cdb00000)
AC   0  F    TS     0 PTAMS 0x00000000cdb00000 NTAMS 0x00000000cdb00000 space 1024K,   0% used [0x00000000cdb00000, 0x00000000cdc00000)
AC   0  F    TS     0 PTAMS 0x00000000cdc00000 NTAMS 0x00000000cdc00000 space 1024K,   0% used [0x00000000cdc00000, 0x00000000cdd00000)
AC   0  F    TS     0 PTAMS 0x00000000cdd00000 NTAMS 0x00000000cdd00000 space 1024K,   0% used [0x00000000cdd00000, 0x00000000cde00000)
AC   0  F    TS     0 PTAMS 0x00000000cde00000 NTAMS 0x00000000cde00000 space 1024K,   0% used [0x00000000cde00000, 0x00000000cdf00000)
AC   0  F    TS     0 PTAMS 0x00000000cdf00000 NTAMS 0x00000000cdf00000 space 1024K,   0% used [0x00000000cdf00000, 0x00000000ce000000)
AC   0  F    TS     0 PTAMS 0x00000000ce000000 NTAMS 0x00000000ce000000 space 1024K,   0% used [0x00000000ce000000, 0x00000000ce100000)
AC   0  F    TS     0 PTAMS 0x00000000ce100000 NTAMS 0x00000000ce100000 space 1024K,   0% used [0x00000000ce100000, 0x00000000ce200000)
AC   0  F    TS     0 PTAMS 0x00000000ce200000 NTAMS 0x00000000ce200000 space 1024K,   0% used [0x00000000ce200000, 0x00000000ce300000)
AC   0  F    TS     0 PTAMS 0x00000000ce300000 NTAMS 0x00000000ce300000 space 1024K,   0% used [0x00000000ce300000, 0x00000000ce400000)
AC   0  F    TS     0 PTAMS 0x00000000ce400000 NTAMS 0x00000000ce400000 space 1024K,   0% used [0x00000000ce400000, 0x00000000ce500000)
AC   0  F    TS     0 PTAMS 0x00000000ce500000 NTAMS 0x00000000ce500000 space 1024K,   0% used [0x00000000ce500000, 0x00000000ce600000)
AC   0  F    TS     0 PTAMS 0x00000000ce600000 NTAMS 0x00000000ce600000 space 1024K,   0% used [0x00000000ce600000, 0x00000000ce700000)
AC   0  F    TS     0 PTAMS 0x00000000ce700000 NTAMS 0x00000000ce700000 space 1024K,   0% used [0x00000000ce700000, 0x00000000ce800000)
AC   0  F    TS     0 PTAMS 0x00000000ce800000 NTAMS 0x00000000ce800000 space 1024K,   0% used [0x00000000ce800000, 0x00000000ce900000)
AC   0  F    TS     0 PTAMS 0x00000000ce900000 NTAMS 0x00000000ce900000 space 1024K,   0% used [0x00000000ce900000, 0x00000000cea00000)
AC   0  F    TS     0 PTAMS 0x00000000cea00000 NTAMS 0x00000000cea00000 space 1024K,   0% used [0x00000000cea00000, 0x00000000ceb00000)
AC   0  F    TS     0 PTAMS 0x00000000ceb00000 NTAMS 0x00000000ceb00000 space 1024K,   0% used [0x00000000ceb00000, 0x00000000cec00000)
AC   0  F    TS     0 PTAMS 0x00000000cec00000 NTAMS 0x00000000cec00000 space 1024K,   0% used [0x00000000cec00000, 0x00000000ced00000)
AC   0  F    TS     0 PTAMS 0x00000000ced00000 NTAMS 0x00000000ced00000 space 1024K,   0% used [0x00000000ced00000, 0x00000000cee00000)
AC   0  F    TS     0 PTAMS 0x00000000cee00000 NTAMS 0x00000000cee00000 space 1024K,   0% used [0x00000000cee00000, 0x00000000cef00000)
AC   0  F    TS     0 PTAMS 0x00000000cef00000 NTAMS 0x00000000cef00000 space 1024K,   0% used [0x00000000cef00000, 0x00000000cf000000)
AC   0  F    TS     0 PTAMS 0x00000000cf000000 NTAMS 0x00000000cf000000 space 1024K,   0% used [0x00000000cf000000, 0x00000000cf100000)
AC   0  E    TS     0 PTAMS 0x00000000cf100000 NTAMS 0x00000000cf100000 space 1024K,  35% used [0x00000000cf100000, 0x00000000cf200000)
AC   0  E CS TS     0 PTAMS 0x00000000cf200000 NTAMS 0x00000000cf200000 space 1024K, 100% used [0x00000000cf200000, 0x00000000cf300000)
AC   0  E CS TS     0 PTAMS 0x00000000cf300000 NTAMS 0x00000000cf300000 space 1024K, 100% used [0x00000000cf300000, 0x00000000cf400000)
AC   0  E CS TS     0 PTAMS 0x00000000cf400000 NTAMS 0x00000000cf400000 space 1024K, 100% used [0x00000000cf400000, 0x00000000cf500000)
AC   0  E CS TS     0 PTAMS 0x00000000cf500000 NTAMS 0x00000000cf500000 space 1024K, 100% used [0x00000000cf500000, 0x00000000cf600000)
AC   0  E CS TS     0 PTAMS 0x00000000cf600000 NTAMS 0x00000000cf600000 space 1024K, 100% used [0x00000000cf600000, 0x00000000cf700000)
AC   0  E CS TS     0 PTAMS 0x00000000cf700000 NTAMS 0x00000000cf700000 space 1024K, 100% used [0x00000000cf700000, 0x00000000cf800000)
AC   0  E CS TS     0 PTAMS 0x00000000cf800000 NTAMS 0x00000000cf800000 space 1024K, 100% used [0x00000000cf800000, 0x00000000cf900000)
AC   0  E CS TS     0 PTAMS 0x00000000cf900000 NTAMS 0x00000000cf900000 space 1024K, 100% used [0x00000000cf900000, 0x00000000cfa00000)
AC   0  E CS TS     0 PTAMS 0x00000000cfa00000 NTAMS 0x00000000cfa00000 space 1024K, 100% used [0x00000000cfa00000, 0x00000000cfb00000)
AC   0  E CS TS     0 PTAMS 0x00000000cfb00000 NTAMS 0x00000000cfb00000 space 1024K, 100% used [0x00000000cfb00000, 0x00000000cfc00000)
AC   0  E CS TS     0 PTAMS 0x00000000cfc00000 NTAMS 0x00000000cfc00000 space 1024K, 100% used [0x00000000cfc00000, 0x00000000cfd00000)
AC   0  E CS TS     0 PTAMS 0x00000000cfd00000 NTAMS 0x00000000cfd00000 space 1024K, 100% used [0x00000000cfd00000, 0x00000000cfe00000)
AC   0  E CS TS     0 PTAMS 0x00000000cfe00000 NTAMS 0x00000000cfe00000 space 1024K, 100% used [0x00000000cfe00000, 0x00000000cff00000)
AC   0  E CS TS     0 PTAMS 0x00000000cff00000 NTAMS 0x00000000cff00000 space 1024K, 100% used [0x00000000cff00000, 0x00000000d0000000)
AC   0  E CS TS     0 PTAMS 0x00000000d0000000 NTAMS 0x00000000d0000000 space 1024K, 100% used [0x00000000d0000000, 0x00000000d0100000)
AC   0  E CS TS     0 PTAMS 0x00000000d0100000 NTAMS 0x00000000d0100000 space 1024K, 100% used [0x00000000d0100000, 0x00000000d0200000)
AC   0  E CS TS     0 PTAMS 0x00000000d0200000 NTAMS 0x00000000d0200000 space 1024K, 100% used [0x00000000d0200000, 0x00000000d0300000)
AC   0  E CS TS     0 PTAMS 0x00000000d0300000 NTAMS 0x00000000d0300000 space 1024K, 100% used [0x00000000d0300000, 0x00000000d0400000)
AC   0  E CS TS     0 PTAMS 0x00000000d0400000 NTAMS 0x00000000d0400000 space 1024K, 100% used [0x00000000d0400000, 0x00000000d0500000)
AC   0  E CS TS     0 PTAMS 0x00000000d0500000 NTAMS 0x00000000d0500000 space 1024K, 100% used [0x00000000d0500000, 0x00000000d0600000)
AC   0  E CS TS     0 PTAMS 0x00000000d0600000 NTAMS 0x00000000d0600000 space 1024K, 100% used [0x00000000d0600000, 0x00000000d0700000)
AC   0  E CS TS     0 PTAMS 0x00000000d0700000 NTAMS 0x00000000d0700000 space 1024K, 100% used [0x00000000d0700000, 0x00000000d0800000)
AC   0  E CS TS     0 PTAMS 0x00000000d0800000 NTAMS 0x00000000d0800000 space 1024K, 100% used [0x00000000d0800000, 0x00000000d0900000)
AC   0  E CS TS     0 PTAMS 0x00000000d0900000 NTAMS 0x00000000d0900000 space 1024K, 100% used [0x00000000d0900000, 0x00000000d0a00000)
AC   0  E CS TS     0 PTAMS 0x00000000d0a00000 NTAMS 0x00000000d0a00000 space 1024K, 100% used [0x00000000d0a00000, 0x00000000d0b00000)
AC   0  E CS TS     0 PTAMS 0x00000000d0b00000 NTAMS 0x00000000d0b00000 space 1024K, 100% used [0x00000000d0b00000, 0x00000000d0c00000)
AC   0  E CS TS     0 PTAMS 0x00000000d0c00000 NTAMS 0x00000000d0c00000 space 1024K, 100% used [0x00000000d0c00000, 0x00000000d0d00000)
AC   0  E CS TS     0 PTAMS 0x00000000d0d00000 NTAMS 0x00000000d0d00000 space 1024K, 100% used [0x00000000d0d00000, 0x00000000d0e00000)
AC   0  E CS TS     0 PTAMS 0x00000000d0e00000 NTAMS 0x00000000d0e00000 space 1024K, 100% used [0x00000000d0e00000, 0x00000000d0f00000)
AC   0  E CS TS     0 PTAMS 0x00000000d0f00000 NTAMS 0x00000000d0f00000 space 1024K, 100% used [0x00000000d0f00000, 0x00000000d1000000)
AC   0  E CS TS     0 PTAMS 0x00000000d1000000 NTAMS 0x00000000d1000000 space 1024K, 100% used [0x00000000d1000000, 0x00000000d1100000)
AC   0  E CS TS     0 PTAMS 0x00000000d1100000 NTAMS 0x00000000d1100000 space 1024K, 100% used [0x00000000d1100000, 0x00000000d1200000)
AC   0  E CS TS     0 PTAMS 0x00000000d1200000 NTAMS 0x00000000d1200000 space 1024K, 100% used [0x00000000d1200000, 0x00000000d1300000)
AC   0  S CS TS     5 PTAMS 0x00000000d1300000 NTAMS 0x00000000d1300000 space 1024K, 100% used [0x00000000d1300000, 0x00000000d1400000)
AC   0  S CS TS     5 PTAMS 0x00000000d1400000 NTAMS 0x00000000d1400000 space 1024K, 100% used [0x00000000d1400000, 0x00000000d1500000)
AC   0  E CS TS     0 PTAMS 0x00000000d1500000 NTAMS 0x00000000d1500000 space 1024K, 100% used [0x00000000d1500000, 0x00000000d1600000)
AC   0  E CS TS     0 PTAMS 0x00000000d1600000 NTAMS 0x00000000d1600000 space 1024K, 100% used [0x00000000d1600000, 0x00000000d1700000)
AC   0  E CS TS     0 PTAMS 0x00000000d1700000 NTAMS 0x00000000d1700000 space 1024K, 100% used [0x00000000d1700000, 0x00000000d1800000)
AC   0  E CS TS     0 PTAMS 0x00000000d1800000 NTAMS 0x00000000d1800000 space 1024K, 100% used [0x00000000d1800000, 0x00000000d1900000)
AC   0  O    TS     0 PTAMS 0x00000000d1a00000 NTAMS 0x00000000d1a00000 space 1024K, 100% used [0x00000000d1900000, 0x00000000d1a00000)
AC   0  O    TS     0 PTAMS 0x00000000d1b00000 NTAMS 0x00000000d1b00000 space 1024K, 100% used [0x00000000d1a00000, 0x00000000d1b00000)
AC   0  O    TS     0 PTAMS 0x00000000d1c00000 NTAMS 0x00000000d1c00000 space 1024K, 100% used [0x00000000d1b00000, 0x00000000d1c00000)
AC   0  O    TS     0 PTAMS 0x00000000d1d00000 NTAMS 0x00000000d1d00000 space 1024K, 100% used [0x00000000d1c00000, 0x00000000d1d00000)
AC   0  O    TS     0 PTAMS 0x00000000d1e00000 NTAMS 0x00000000d1e00000 space 1024K, 100% used [0x00000000d1d00000, 0x00000000d1e00000)
AC   0  E CS TS     0 PTAMS 0x00000000d1e00000 NTAMS 0x00000000d1e00000 space 1024K, 100% used [0x00000000d1e00000, 0x00000000d1f00000)
AC   0  E CS TS     0 PTAMS 0x00000000d1f00000 NTAMS 0x00000000d1f00000 space 1024K, 100% used [0x00000000d1f00000, 0x00000000d2000000)
AC   0  E CS TS     0 PTAMS 0x00000000d2000000 NTAMS 0x00000000d2000000 space 1024K, 100% used [0x00000000d2000000, 0x00000000d2100000)
AC   0  O    TS     0 PTAMS 0x00000000d2200000 NTAMS 0x00000000d2200000 space 1024K, 100% used [0x00000000d2100000, 0x00000000d2200000)
AC   0  O    TS     0 PTAMS 0x00000000d2300000 NTAMS 0x00000000d2300000 space 1024K, 100% used [0x00000000d2200000, 0x00000000d2300000)
AC   0  E CS TS     0 PTAMS 0x00000000d2300000 NTAMS 0x00000000d2300000 space 1024K, 100% used [0x00000000d2300000, 0x00000000d2400000)
AC   0  O    TS     0 PTAMS 0x00000000d2500000 NTAMS 0x00000000d2500000 space 1024K, 100% used [0x00000000d2400000, 0x00000000d2500000)
AC   0  O    TS     0 PTAMS 0x00000000d2600000 NTAMS 0x00000000d2600000 space 1024K, 100% used [0x00000000d2500000, 0x00000000d2600000)
AC   0  E CS TS     0 PTAMS 0x00000000d2600000 NTAMS 0x00000000d2600000 space 1024K, 100% used [0x00000000d2600000, 0x00000000d2700000)
AC   0  O    TS     0 PTAMS 0x00000000d2800000 NTAMS 0x00000000d2800000 space 1024K, 100% used [0x00000000d2700000, 0x00000000d2800000)
AC   0  O    TS     0 PTAMS 0x00000000d2900000 NTAMS 0x00000000d2900000 space 1024K, 100% used [0x00000000d2800000, 0x00000000d2900000)
AC   0  O    TS     0 PTAMS 0x00000000d2a00000 NTAMS 0x00000000d2a00000 space 1024K, 100% used [0x00000000d2900000, 0x00000000d2a00000)
AC   0  E CS TS     3 PTAMS 0x00000000d2a00000 NTAMS 0x00000000d2a00000 space 1024K, 100% used [0x00000000d2a00000, 0x00000000d2b00000)
AC   0  O    TS     0 PTAMS 0x00000000d2c00000 NTAMS 0x00000000d2c00000 space 1024K, 100% used [0x00000000d2b00000, 0x00000000d2c00000)
AC   0  E CS TS     3 PTAMS 0x00000000d2c00000 NTAMS 0x00000000d2c00000 space 1024K, 100% used [0x00000000d2c00000, 0x00000000d2d00000)
AC   0  O    TS     0 PTAMS 0x00000000d2e00000 NTAMS 0x00000000d2e00000 space 1024K, 100% used [0x00000000d2d00000, 0x00000000d2e00000)
AC   0  O    TS     0 PTAMS 0x00000000d2f00000 NTAMS 0x00000000d2f00000 space 1024K, 100% used [0x00000000d2e00000, 0x00000000d2f00000)
AC   0  O    TS     0 PTAMS 0x00000000d3000000 NTAMS 0x00000000d3000000 space 1024K, 100% used [0x00000000d2f00000, 0x00000000d3000000)
AC   0  E CS TS     0 PTAMS 0x00000000d3000000 NTAMS 0x00000000d3000000 space 1024K, 100% used [0x00000000d3000000, 0x00000000d3100000)
AC   0  O    TS     0 PTAMS 0x00000000d3200000 NTAMS 0x00000000d3200000 space 1024K, 100% used [0x00000000d3100000, 0x00000000d3200000)
AC   0  O    TS     0 PTAMS 0x00000000d3300000 NTAMS 0x00000000d3300000 space 1024K, 100% used [0x00000000d3200000, 0x00000000d3300000)
AC   0  O    TS     0 PTAMS 0x00000000d3400000 NTAMS 0x00000000d3400000 space 1024K, 100% used [0x00000000d3300000, 0x00000000d3400000)
AC   0  O    TS     0 PTAMS 0x00000000d3500000 NTAMS 0x00000000d3500000 space 1024K, 100% used [0x00000000d3400000, 0x00000000d3500000)
AC   0  O    TS     0 PTAMS 0x00000000d3600000 NTAMS 0x00000000d3600000 space 1024K, 100% used [0x00000000d3500000, 0x00000000d3600000)
AC   0  O    TS     0 PTAMS 0x00000000d3700000 NTAMS 0x00000000d3700000 space 1024K, 100% used [0x00000000d3600000, 0x00000000d3700000)
AC   0  E CS TS     0 PTAMS 0x00000000d3700000 NTAMS 0x00000000d3700000 space 1024K, 100% used [0x00000000d3700000, 0x00000000d3800000)
AC   0  O    TS     0 PTAMS 0x00000000d3900000 NTAMS 0x00000000d3900000 space 1024K, 100% used [0x00000000d3800000, 0x00000000d3900000)
AC   0  O    TS     0 PTAMS 0x00000000d3a00000 NTAMS 0x00000000d3a00000 space 1024K, 100% used [0x00000000d3900000, 0x00000000d3a00000)
AC   0  E CS TS     0 PTAMS 0x00000000d3a00000 NTAMS 0x00000000d3a00000 space 1024K, 100% used [0x00000000d3a00000, 0x00000000d3b00000)
AC   0  E CS TS     0 PTAMS 0x00000000d3b00000 NTAMS 0x00000000d3b00000 space 1024K, 100% used [0x00000000d3b00000, 0x00000000d3c00000)

Card table byte_map: [0x00000000126c0000,0x00000000128c0000] byte_map_base: 0x00000000120c0000

Marking Bits (Prev, Next): (CMBitMap*) 0x00000000020f8568, (CMBitMap*) 0x00000000020f85c0
 Prev Bits: [0x0000000012ac0000, 0x0000000013ac0000)
 Next Bits: [0x0000000013ac0000, 0x0000000014ac0000)

Polling page: 0x0000000000850000

CodeCache: size=245760Kb used=21922Kb max_used=22497Kb free=223837Kb
 bounds [0x00000000021c0000, 0x00000000037e0000, 0x00000000111c0000]
 total_blobs=6532 nmethods=5950 adapters=491
 compilation: enabled

Compilation events (10 events):
Event: 117.501 Thread 0x0000000017f19800 nmethod 7131 0x000000000360cd90 code [0x000000000360cf40, 0x000000000360d728]
Event: 117.501 Thread 0x0000000017f19800 7132       1       org.eclipse.jdt.ls.core.internal.handlers.ProgressReporterManager::access$1 (5 bytes)
Event: 117.502 Thread 0x0000000017f19800 nmethod 7132 0x00000000035ffcd0 code [0x00000000035ffe20, 0x00000000035fff10]
Event: 117.503 Thread 0x0000000017f19800 7133       3       org.eclipse.jdt.core.compiler.CharOperation::splitAndTrimOn (269 bytes)
Event: 117.507 Thread 0x0000000017f19800 nmethod 7133 0x000000000360b410 code [0x000000000360b640, 0x000000000360c538]
Event: 117.512 Thread 0x0000000017f19800 7134       3       org.eclipse.jdt.internal.compiler.parser.Scanner::optimizedCurrentTokenSource6 (285 bytes)
Event: 117.513 Thread 0x0000000017f0c800 7135       4       org.eclipse.jdt.internal.compiler.parser.Parser::consumeRule (7294 bytes)
Event: 117.515 Thread 0x0000000017f19800 nmethod 7134 0x0000000002b4e990 code [0x0000000002b4eba0, 0x0000000002b4f7c8]
Event: 117.544 Thread 0x0000000017f19800 7136   !   3       org.eclipse.jdt.internal.compiler.parser.Scanner::getNextToken0 (3678 bytes)
Event: 117.550 Thread 0x0000000017f0d800 7139       4       org.eclipse.jdt.internal.compiler.parser.Parser::consumeToken (2140 bytes)

GC Heap History (10 events):
Event: 86.262 GC heap before
{Heap before GC invocations=89 (full 0):
 garbage-first heap   total 323584K, used 265120K [0x00000000c0000000, 0x00000000c01009e0, 0x0000000100000000)
  region size 1024K, 97 young (99328K), 2 survivors (2048K)
 Metaspace       used 49899K, capacity 52882K, committed 53120K, reserved 1095680K
  class space    used 5299K, capacity 6207K, committed 6272K, reserved 1048576K
Event: 86.333 GC heap after
Heap after GC invocations=90 (full 0):
 garbage-first heap   total 323584K, used 181664K [0x00000000c0000000, 0x00000000c01009e0, 0x0000000100000000)
  region size 1024K, 13 young (13312K), 13 survivors (13312K)
 Metaspace       used 49899K, capacity 52882K, committed 53120K, reserved 1095680K
  class space    used 5299K, capacity 6207K, committed 6272K, reserved 1048576K
}
Event: 87.516 GC heap before
{Heap before GC invocations=90 (full 0):
 garbage-first heap   total 323584K, used 230816K [0x00000000c0000000, 0x00000000c01009e0, 0x0000000100000000)
  region size 1024K, 62 young (63488K), 13 survivors (13312K)
 Metaspace       used 49899K, capacity 52882K, committed 53120K, reserved 1095680K
  class space    used 5299K, capacity 6207K, committed 6272K, reserved 1048576K
Event: 87.564 GC heap after
Heap after GC invocations=91 (full 0):
 garbage-first heap   total 323584K, used 186272K [0x00000000c0000000, 0x00000000c01009e0, 0x0000000100000000)
  region size 1024K, 7 young (7168K), 7 survivors (7168K)
 Metaspace       used 49899K, capacity 52882K, committed 53120K, reserved 1095680K
  class space    used 5299K, capacity 6207K, committed 6272K, reserved 1048576K
}
Event: 89.321 GC heap before
{Heap before GC invocations=92 (full 0):
 garbage-first heap   total 323584K, used 212320K [0x00000000c0000000, 0x00000000c01009e0, 0x0000000100000000)
  region size 1024K, 89 young (91136K), 7 survivors (7168K)
 Metaspace       used 49902K, capacity 52946K, committed 53120K, reserved 1095680K
  class space    used 5299K, capacity 6207K, committed 6272K, reserved 1048576K
Event: 89.373 GC heap after
Heap after GC invocations=93 (full 0):
 garbage-first heap   total 323584K, used 135008K [0x00000000c0000000, 0x00000000c01009e0, 0x0000000100000000)
  region size 1024K, 12 young (12288K), 12 survivors (12288K)
 Metaspace       used 49902K, capacity 52946K, committed 53120K, reserved 1095680K
  class space    used 5299K, capacity 6207K, committed 6272K, reserved 1048576K
}
Event: 89.403 GC heap before
{Heap before GC invocations=93 (full 0):
 garbage-first heap   total 323584K, used 138080K [0x00000000c0000000, 0x00000000c01009e0, 0x0000000100000000)
  region size 1024K, 15 young (15360K), 12 survivors (12288K)
 Metaspace       used 49902K, capacity 52946K, committed 53120K, reserved 1095680K
  class space    used 5299K, capacity 6207K, committed 6272K, reserved 1048576K
Event: 89.474 GC heap after
Heap after GC invocations=94 (full 0):
 garbage-first heap   total 323584K, used 108384K [0x00000000c0000000, 0x00000000c01009e0, 0x0000000100000000)
  region size 1024K, 2 young (2048K), 2 survivors (2048K)
 Metaspace       used 49902K, capacity 52946K, committed 53120K, reserved 1095680K
  class space    used 5299K, capacity 6207K, committed 6272K, reserved 1048576K
}
Event: 89.692 GC heap before
{Heap before GC invocations=94 (full 0):
 garbage-first heap   total 323584K, used 121696K [0x00000000c0000000, 0x00000000c01009e0, 0x0000000100000000)
  region size 1024K, 15 young (15360K), 2 survivors (2048K)
 Metaspace       used 49902K, capacity 52946K, committed 53120K, reserved 1095680K
  class space    used 5299K, capacity 6207K, committed 6272K, reserved 1048576K
Event: 89.750 GC heap after
Heap after GC invocations=95 (full 0):
 garbage-first heap   total 323584K, used 101728K [0x00000000c0000000, 0x00000000c01009e0, 0x0000000100000000)
  region size 1024K, 2 young (2048K), 2 survivors (2048K)
 Metaspace       used 49902K, capacity 52946K, committed 53120K, reserved 1095680K
  class space    used 5299K, capacity 6207K, committed 6272K, reserved 1048576K
}

Deoptimization events (10 events):
Event: 90.681 Thread 0x000000001900c000 Uncommon trap: reason=unstable_if action=reinterpret pc=0x000000000364ce94 method=org.eclipse.jdt.internal.core.search.matching.MethodDeclarationPattern.createDeclarationIndexKey([C[C[CI[C[[C[[C[CI[CII)[C @ 43
Event: 90.682 Thread 0x000000001900c000 Uncommon trap: reason=unstable_if action=reinterpret pc=0x00000000035dbe7c method=org.eclipse.jdt.internal.core.index.Index.containerRelativePath(Ljava/lang/String;)Ljava/lang/String; @ 9
Event: 90.714 Thread 0x000000001900c000 Uncommon trap: reason=unstable_if action=reinterpret pc=0x00000000023b9abc method=org.eclipse.jdt.internal.core.search.matching.MethodDeclarationPattern.getTypeErasure([C)[C @ 9
Event: 90.815 Thread 0x000000001900c000 Uncommon trap: reason=unstable_if action=reinterpret pc=0x000000000335dec0 method=org.eclipse.jdt.internal.core.search.indexing.AbstractIndexer.addConstructorDeclaration([CI[C[[C[[CI[CI[[CI)V @ 56
Event: 91.015 Thread 0x000000001900c000 Uncommon trap: reason=class_check action=maybe_recompile pc=0x00000000035e1f9c method=org.eclipse.jdt.internal.compiler.parser.Parser.consumeRule(I)V @ 4193
Event: 91.019 Thread 0x000000001900c000 Uncommon trap: reason=class_check action=maybe_recompile pc=0x00000000035e2044 method=org.eclipse.jdt.internal.compiler.parser.Parser.consumeRule(I)V @ 5532
Event: 91.019 Thread 0x000000001900c000 Uncommon trap: reason=class_check action=maybe_recompile pc=0x00000000035e2044 method=org.eclipse.jdt.internal.compiler.parser.Parser.consumeRule(I)V @ 5532
Event: 116.951 Thread 0x000000001813b000 Uncommon trap: reason=unstable_if action=reinterpret pc=0x00000000035a71fc method=com.google.gson.stream.JsonReader.nextQuotedValue(C)Ljava/lang/String; @ 206
Event: 117.507 Thread 0x00000000198d0800 Uncommon trap: reason=class_check action=maybe_recompile pc=0x00000000035e1f9c method=org.eclipse.jdt.internal.compiler.parser.Parser.consumeRule(I)V @ 4193
Event: 117.514 Thread 0x00000000198d0800 Uncommon trap: reason=unstable_if action=reinterpret pc=0x0000000003610718 method=org.eclipse.jdt.internal.compiler.parser.Scanner.getNextToken0()I @ 29

Classes redefined (0 events):
No events

Internal exceptions (10 events):
Event: 90.961 Thread 0x000000001900c000 Exception <a 'java/lang/ArrayIndexOutOfBoundsException'> (0x00000000cf6cf088) thrown at [C:\re\workspace\8-2-build-windows-amd64-cygwin\jdk8u221\13320\hotspot\src\share\vm\runtime\sharedRuntime.cpp, line 605]
Event: 90.975 Thread 0x000000001900c000 Exception <a 'java/lang/ArrayIndexOutOfBoundsException'> (0x00000000cf6de0b8) thrown at [C:\re\workspace\8-2-build-windows-amd64-cygwin\jdk8u221\13320\hotspot\src\share\vm\runtime\sharedRuntime.cpp, line 605]
Event: 90.981 Thread 0x000000001900c000 Exception <a 'java/lang/ArrayIndexOutOfBoundsException'> (0x00000000cf6ea5a8) thrown at [C:\re\workspace\8-2-build-windows-amd64-cygwin\jdk8u221\13320\hotspot\src\share\vm\runtime\sharedRuntime.cpp, line 605]
Event: 90.993 Thread 0x000000001900c000 Exception <a 'java/lang/ArrayIndexOutOfBoundsException'> (0x00000000cf6f88a0) thrown at [C:\re\workspace\8-2-build-windows-amd64-cygwin\jdk8u221\13320\hotspot\src\share\vm\runtime\sharedRuntime.cpp, line 605]
Event: 91.004 Thread 0x000000001900c000 Exception <a 'java/lang/ArrayIndexOutOfBoundsException'> (0x00000000cf506ed0) thrown at [C:\re\workspace\8-2-build-windows-amd64-cygwin\jdk8u221\13320\hotspot\src\share\vm\runtime\sharedRuntime.cpp, line 605]
Event: 91.017 Thread 0x000000001900c000 Exception <a 'java/lang/ArrayIndexOutOfBoundsException'> (0x00000000cf514ed8) thrown at [C:\re\workspace\8-2-build-windows-amd64-cygwin\jdk8u221\13320\hotspot\src\share\vm\runtime\sharedRuntime.cpp, line 605]
Event: 117.514 Thread 0x00000000198d0800 Exception <a 'java/lang/ArrayIndexOutOfBoundsException'> (0x00000000cf1198a0) thrown at [C:\re\workspace\8-2-build-windows-amd64-cygwin\jdk8u221\13320\hotspot\src\share\vm\runtime\sharedRuntime.cpp, line 605]
Event: 117.576 Thread 0x00000000198d0800 Exception <a 'java/lang/ArrayIndexOutOfBoundsException': 1265> (0x00000000cf1559e0) thrown at [C:\re\workspace\8-2-build-windows-amd64-cygwin\jdk8u221\13320\hotspot\src\share\vm\interpreter\interpreterRuntime.cpp, line 368]
Event: 117.576 Thread 0x00000000198d0800 Exception <a 'java/lang/ArrayIndexOutOfBoundsException': 1265> (0x00000000cf155c18) thrown at [C:\re\workspace\8-2-build-windows-amd64-cygwin\jdk8u221\13320\hotspot\src\share\vm\interpreter\interpreterRuntime.cpp, line 368]
Event: 117.576 Thread 0x00000000198d0800 Exception <a 'java/lang/ArrayIndexOutOfBoundsException': 1266> (0x00000000cf155ea0) thrown at [C:\re\workspace\8-2-build-windows-amd64-cygwin\jdk8u221\13320\hotspot\src\share\vm\interpreter\interpreterRuntime.cpp, line 368]

Events (10 events):
Event: 117.139 Executing VM operation: RevokeBias done
Event: 117.152 Thread 0x0000000019291000 Thread added: 0x0000000019291000
Event: 117.251 Executing VM operation: RevokeBias
Event: 117.258 Executing VM operation: RevokeBias done
Event: 117.507 Thread 0x00000000198d0800 Uncommon trap: trap_request=0xffffffde fr.pc=0x00000000035e1f9c
Event: 117.507 Thread 0x00000000198d0800 DEOPT PACKING pc=0x00000000035e1f9c sp=0x000000001e63e170
Event: 117.507 Thread 0x00000000198d0800 DEOPT UNPACKING pc=0x000000000220583b sp=0x000000001e63e108 mode 2
Event: 117.514 Thread 0x00000000198d0800 Uncommon trap: trap_request=0xffffff65 fr.pc=0x0000000003610718
Event: 117.514 Thread 0x00000000198d0800 DEOPT PACKING pc=0x0000000003610718 sp=0x000000001e63e0b0
Event: 117.514 Thread 0x00000000198d0800 DEOPT UNPACKING pc=0x000000000220583b sp=0x000000001e63e028 mode 2


Dynamic libraries:
0x00007ff74dc40000 - 0x00007ff74dc77000 	C:\Program Files\Java\jdk1.8.0_221\bin\java.exe
0x00007ff856350000 - 0x00007ff8564fd000 	C:\windows\SYSTEM32\ntdll.dll
0x00007ff855ca0000 - 0x00007ff855dde000 	C:\windows\system32\KERNEL32.DLL
0x00007ff838420000 - 0x00007ff838432000 	C:\Program Files\AVAST Software\Avast\aswhook.dll
0x00007ff8536d0000 - 0x00007ff8537e6000 	C:\windows\system32\KERNELBASE.dll
0x00007ff852030000 - 0x00007ff8520be000 	C:\windows\system32\apphelp.dll
0x00007ff84d3f0000 - 0x00007ff84d444000 	C:\windows\AppPatch\AppPatch64\AcGenral.DLL
0x00007ff855e40000 - 0x00007ff855eea000 	C:\windows\system32\msvcrt.dll
0x00007ff853590000 - 0x00007ff8535be000 	C:\windows\system32\SspiCli.dll
0x00007ff855de0000 - 0x00007ff855e34000 	C:\windows\system32\SHLWAPI.dll
0x00007ff853fb0000 - 0x00007ff854127000 	C:\windows\system32\USER32.dll
0x00007ff853c50000 - 0x00007ff853de4000 	C:\windows\system32\ole32.dll
0x00007ff854770000 - 0x00007ff855c9b000 	C:\windows\system32\SHELL32.dll
0x00007ff852a30000 - 0x00007ff852a51000 	C:\windows\SYSTEM32\USERENV.dll
0x00007ff854320000 - 0x00007ff8543ca000 	C:\windows\system32\ADVAPI32.dll
0x00007ff84d3d0000 - 0x00007ff84d3ee000 	C:\windows\SYSTEM32\MPR.dll
0x00007ff854590000 - 0x00007ff8546d0000 	C:\windows\system32\RPCRT4.dll
0x00007ff853f50000 - 0x00007ff853fa9000 	C:\windows\SYSTEM32\sechost.dll
0x00007ff853a30000 - 0x00007ff853c42000 	C:\windows\SYSTEM32\combase.dll
0x00007ff853df0000 - 0x00007ff853f3c000 	C:\windows\system32\GDI32.dll
0x00007ff853470000 - 0x00007ff853485000 	C:\windows\SYSTEM32\profapi.dll
0x00007ff851a60000 - 0x00007ff851b12000 	C:\windows\SYSTEM32\SHCORE.dll
0x00007ff8561e0000 - 0x00007ff856216000 	C:\windows\system32\IMM32.DLL
0x00007ff856080000 - 0x00007ff8561d1000 	C:\windows\system32\MSCTF.dll
0x00007ff850eb0000 - 0x00007ff85112b000 	C:\windows\WinSxS\amd64_microsoft.windows.common-controls_6595b64144ccf1df_6.0.9600.18006_none_623f33d3ecbe86e8\COMCTL32.dll
0x0000000064610000 - 0x00000000646e2000 	C:\Program Files\Java\jdk1.8.0_221\jre\bin\msvcr100.dll
0x00000000629e0000 - 0x0000000063285000 	C:\Program Files\Java\jdk1.8.0_221\jre\bin\server\jvm.dll
0x00007ff84d3c0000 - 0x00007ff84d3c9000 	C:\windows\SYSTEM32\WSOCK32.dll
0x00007ff846ad0000 - 0x00007ff846af2000 	C:\windows\SYSTEM32\WINMM.dll
0x00007ff84c010000 - 0x00007ff84c01a000 	C:\windows\SYSTEM32\VERSION.dll
0x00007ff854130000 - 0x00007ff854137000 	C:\windows\system32\PSAPI.DLL
0x00007ff8539d0000 - 0x00007ff853a2a000 	C:\windows\system32\WS2_32.dll
0x00007ff846aa0000 - 0x00007ff846aca000 	C:\windows\SYSTEM32\WINMMBASE.dll
0x00007ff853f40000 - 0x00007ff853f49000 	C:\windows\system32\NSI.dll
0x00007ff853540000 - 0x00007ff85358f000 	C:\windows\SYSTEM32\cfgmgr32.dll
0x00007ff8522b0000 - 0x00007ff8522d8000 	C:\windows\SYSTEM32\DEVOBJ.dll
0x00007ff84d9c0000 - 0x00007ff84d9cf000 	C:\Program Files\Java\jdk1.8.0_221\jre\bin\verify.dll
0x00007ff83fa70000 - 0x00007ff83fa99000 	C:\Program Files\Java\jdk1.8.0_221\jre\bin\java.dll
0x00007ff83fa50000 - 0x00007ff83fa66000 	C:\Program Files\Java\jdk1.8.0_221\jre\bin\zip.dll
0x00007ff852d00000 - 0x00007ff852d20000 	C:\windows\SYSTEM32\CRYPTSP.dll
0x00007ff852920000 - 0x00007ff852956000 	C:\windows\system32\rsaenh.dll
0x00007ff852f50000 - 0x00007ff852f76000 	C:\windows\SYSTEM32\bcrypt.dll
0x00007ff853270000 - 0x00007ff8532d3000 	C:\windows\system32\bcryptprimitives.dll
0x00007ff8532e0000 - 0x00007ff8532eb000 	C:\windows\SYSTEM32\CRYPTBASE.dll
0x00007ff83fa30000 - 0x00007ff83fa4a000 	C:\Program Files\Java\jdk1.8.0_221\jre\bin\net.dll
0x00007ff84ce20000 - 0x00007ff84cfa8000 	C:\windows\SYSTEM32\urlmon.dll
0x00007ff84cb40000 - 0x00007ff84ce0a000 	C:\windows\SYSTEM32\iertutil.dll
0x00007ff84c670000 - 0x00007ff84cac7000 	C:\windows\SYSTEM32\WININET.dll
0x00007ff852ca0000 - 0x00007ff852cf9000 	C:\windows\system32\mswsock.dll
0x00007ff84e7e0000 - 0x00007ff84e80a000 	C:\windows\SYSTEM32\IPHLPAPI.DLL
0x00007ff84e7c0000 - 0x00007ff84e7ca000 	C:\windows\SYSTEM32\WINNSI.DLL
0x00007ff84e2f0000 - 0x00007ff84e306000 	C:\windows\SYSTEM32\dhcpcsvc6.DLL
0x00007ff84e390000 - 0x00007ff84e3aa000 	C:\windows\SYSTEM32\dhcpcsvc.DLL
0x00007ff83fa10000 - 0x00007ff83fa22000 	C:\Program Files\Java\jdk1.8.0_221\jre\bin\nio.dll
0x00007ff83f910000 - 0x00007ff83f939000 	C:\Users\Larissa\.vscode\extensions\redhat.java-0.49.0\server\config_win\org.eclipse.equinox.launcher\org.eclipse.equinox.launcher.win32.win32.x86_64_1.1.1100.v20190907-0426\eclipse_1902.dll
0x00007ff83f600000 - 0x00007ff83f611000 	C:\Users\Larissa\.vscode\extensions\redhat.java-0.49.0\server\config_win\org.eclipse.osgi\21\0\.cp\jWinHttp-1.0.0.dll
0x00007ff84bf40000 - 0x00007ff84c007000 	C:\windows\SYSTEM32\WINHTTP.dll
0x00007ff83f5b0000 - 0x00007ff83f5d4000 	C:\Program Files\Java\jdk1.8.0_221\jre\bin\sunec.dll

VM Arguments:
jvm_args: -Declipse.application=org.eclipse.jdt.ls.core.id1 -Dosgi.bundles.defaultStartLevel=4 -Declipse.product=org.eclipse.jdt.ls.core.product -Dfile.encoding=utf8 -DwatchParentProcess=false -Xverify:none -Xmx1G -XX:+UseG1GC -XX:+UseStringDeduplication 
java_command: c:\Users\Larissa\.vscode\extensions\redhat.java-0.49.0\server\plugins\org.eclipse.equinox.launcher_1.5.500.v20190715-1310.jar -configuration c:\Users\Larissa\.vscode\extensions\redhat.java-0.49.0\server\config_win -data c:\Users\Larissa\AppData\Roaming\Code\User\workspaceStorage\10420a2f770b6417813b07b939e689c2\redhat.java\jdt_ws
java_class_path (initial): c:\Users\Larissa\.vscode\extensions\redhat.java-0.49.0\server\plugins\org.eclipse.equinox.launcher_1.5.500.v20190715-1310.jar
Launcher Type: SUN_STANDARD

Environment Variables:
PATH=C:\Program Files (x86)\Common Files\Oracle\Java\javapath;C:\Program Files (x86)\Intel\iCLS Client\;C:\Program Files\Intel\iCLS Client\;C:\windows\system32;C:\windows;C:\windows\System32\Wbem;C:\windows\System32\WindowsPowerShell\v1.0\;C:\Program Files\Intel\Intel(R) Management Engine Components\DAL;C:\Program Files (x86)\Intel\Intel(R) Management Engine Components\DAL;C:\Program Files\Intel\Intel(R) Management Engine Components\IPT;C:\Program Files (x86)\Intel\Intel(R) Management Engine Components\IPT;C:\Program Files\Samsung\SamsungLink\AllShare Framework DMS\bin\;C:\Program Files\Git\cmd;C:\Program Files (x86)\nodejs22\;C:\Users\Larissa\AppData\Local\Programs\Python\Python37\Scripts\;C:\Users\Larissa\AppData\Local\Programs\Python\Python37\;C:\Users\Larissa\AppData\Local\Programs\Microsoft VS Code\bin;C:\Users\Larissa\AppData\Roaming\npm
USERNAME=Larissa
OS=Windows_NT
PROCESSOR_IDENTIFIER=Intel64 Family 6 Model 61 Stepping 4, GenuineIntel



---------------  S Y S T E M  ---------------

OS: Windows 8.1 , 64 bit Build 9600 (6.3.9600.17415)

CPU:total 4 (initial active 4) (2 cores per cpu, 2 threads per core) family 6 model 61 stepping 4, cmov, cx8, fxsr, mmx, sse, sse2, sse3, ssse3, sse4.1, sse4.2, popcnt, avx, avx2, aes, clmul, erms, 3dnowpref, lzcnt, ht, tsc, tscinvbit, bmi1, bmi2, adx

Memory: 4k page, physical 4103448k(399480k free), swap 4103448k(3816k free)

vm_info: Java HotSpot(TM) 64-Bit Server VM (25.221-b11) for windows-amd64 JRE (1.8.0_221-b11), built on Jul  4 2019 04:39:29 by "java_re" with MS VC++ 10.0 (VS2010)

time: Mon Sep 30 16:10:49 2019
timezone: Hora oficial do Brasil
elapsed time: 117 seconds (0d 0h 1m 57s)

